<?xml version="1.0" encoding="UTF-8" ?>
<testsuite errors="0" skipped="0" tests="1" time="0.047" failures="0" name="jar.AppTest">
  <properties>
    <property value="Sun Microsystems Inc." name="java.vendor"/>
    <property value="C:\Documents and Settings\pd51444\.m2\repository" name="localRepository"/>
    <property value="C:\Program Files\TSD\CFG\INDEXES" name="env.IMOCONFIGCL"/>
    <property value="SUN_STANDARD" name="sun.java.launcher"/>
    <property value="HotSpot Client Compiler" name="sun.management.compiler"/>
    <property value="$P$G" name="env.PROMPT"/>
    <property value="Dell Inc. [Latitude E4300                  ]" name="env.MODELNUMBER"/>
    <property value="C:\Program Files\TSD\LOCALE" name="env.LOCPATH"/>
    <property value="Windows XP" name="os.name"/>
    <property value="NO" name="env.FP_NO_HOST_CHECK"/>
    <property value="C:\applications\JDK1.5\jre\lib\rt.jar;C:\applications\JDK1.5\jre\lib\i18n.jar;C:\applications\JDK1.5\jre\lib\sunrsasign.jar;C:\applications\JDK1.5\jre\lib\jsse.jar;C:\applications\JDK1.5\jre\lib\jce.jar;C:\applications\JDK1.5\jre\lib\charsets.jar;C:\applications\JDK1.5\jre\classes" name="sun.boot.class.path"/>
    <property value="C:\TEMP" name="env.TMPDIR"/>
    <property value="PD51444N" name="env.COMPUTERNAME"/>
    <property value="C:\Documents and Settings\All Users" name="env.ALLUSERSPROFILE"/>
    <property value="windows" name="sun.desktop"/>
    <property value="Sun Microsystems Inc." name="java.vm.specification.vendor"/>
    <property value="1.5.0_18-b02" name="java.runtime.version"/>
    <property value="C:\Program Files\Elsevier\ReaxysPlugIn\" name="env.REAXYS_PLUGIN_PATH"/>
    <property value="C:\Program Files\TSD\CFG" name="env.IMODICT"/>
    <property value="\Documents and Settings\pd51444" name="env.HOMEPATH"/>
    <property value="-Dhttp.proxyHost=proxylb -Dhttp.proxyPort=8080" name="env.ANT_OPS"/>
    <property value="c:\PROGRA~1\SQLLIB\" name="env.DB2TEMPDIR"/>
    <property value="pd51444" name="user.name"/>
    <property value="C:\Program Files\QuickTime\QTSystem\QTJava.zip" name="env.QTJAVA"/>
    <property value="C:\Program Files\TSD\CFG\INDEXES" name="env.IMOCONFIGSRV"/>
    <property value="en" name="user.language"/>
    <property value="C:\applications\JDK1.5\jre\bin" name="sun.boot.library.path"/>
    <property value="C:\development\eclipse-workspaces\npl\.metadata\.plugins\org.maven.ide.eclipse\launches\m2conf5978847309398344400.tmp" name="classworlds.conf"/>
    <property value="1.5.0_18" name="java.version"/>
    <property value="x86 Family 6 Model 23 Stepping 6, GenuineIntel" name="env.PROCESSOR_IDENTIFIER"/>
    <property value="" name="user.timezone"/>
    <property value="C:\Program Files\ooRexx" name="env.REXX_HOME"/>
    <property value="C:\DOCUME~1\pd51444\LOCALS~1\Temp" name="env.TEMP"/>
    <property value="32" name="sun.arch.data.model"/>
    <property value="C:\applications\JDK1.5\jre\lib\endorsed" name="java.endorsed.dirs"/>
    <property value="pentium_pro+mmx pentium_pro pentium+mmx pentium i486 i386 i86" name="sun.cpu.isalist"/>
    <property value="C:" name="env.HOMEDRIVE"/>
    <property value="Cp1252" name="sun.jnu.encoding"/>
    <property value="sun.io" name="file.encoding.pkg"/>
    <property value="\" name="file.separator"/>
    <property value="Java Platform API Specification" name="java.specification.name"/>
    <property value="C:\Program Files\Groovy\Groovy-1.6.3" name="env.GROOVY_HOME"/>
    <property value="49.0" name="java.class.version"/>
    <property value="DB2" name="env.DB2INSTANCE"/>
    <property value="GB" name="user.country"/>
    <property value="C:\applications\JDK1.5\jre" name="java.home"/>
    <property value="C:\WINDOWS\system32\WindowsPowerShell\v1.0\Modules\" name="env.PSModulePath"/>
    <property value="C:\Documents and Settings\pd51444\Application Data" name="env.APPDATA"/>
    <property value="mixed mode" name="java.vm.info"/>
    <property value="C:\WINDOWS\system32\cmd.exe" name="env.ComSpec"/>
    <property value="Windows_NT" name="env.OS"/>
    <property value="C:\Program Files\Common Files" name="env.CommonProgramFiles"/>
    <property value="5.1" name="os.version"/>
    <property value="http://10.10.55.23:80" name="env.HTTP_proxy"/>
    <property value="-Dhttp.proxyHost=http://proxy -Dhttp.proxyPort=8080" name="env.JAVA_OPTS"/>
    <property value="c:\applications\hadoop-0.20.2" name="env.HADOOP_HOME"/>
    <property value=";" name="path.separator"/>
    <property value="1.5.0_18-b02" name="java.vm.version"/>
    <property value="C:\Program Files\TSD\OM\BIN\IM;C:\Program Files\TSD\OM\BIN\PR;C:\Program Files\TSD\OM\BIN\CO;C:\Program Files\TSD\OM\BIN\CH;C:\Program Files\TSD\TPM;C:\Program Files\TSD\TAM;C:\Program Files\TSD\TCM;C:\Program Files\TSD\COMMON;C:\Program Files\TSD\MONITORS;C:\Program Files\TSD\TDM;C:\Program Files\TSD\TMG;C:\Program Files\TSD\TNM;C:\Program Files\TSD\TPMARC;C:\Program Files\TSD\TSDICONS;C:\Program Files\TSD\TSDSERV" name="env.SAIPATH"/>
    <property value="C:\Documents and Settings\pd51444" name="env.USERPROFILE"/>
    <property value="" name="user.variant"/>
    <property value="C:\applications\JDK1.6" name="env.JAVA_HOME"/>
    <property value="sun.awt.windows.WPrinterJob" name="java.awt.printerjob"/>
    <property value="C:\DOCUME~1\pd51444\LOCALS~1\Temp" name="env.TMP"/>
    <property value="UnicodeLittle" name="sun.io.unicode.encoding"/>
    <property value="sun.awt.windows.WToolkit" name="awt.toolkit"/>
    <property value="C:\Documents and Settings\pd51444" name="user.home"/>
    <property value="GV" name="env.EPOSite"/>
    <property value="Console" name="env.SESSIONNAME"/>
    <property value="Sun Microsystems Inc." name="java.specification.vendor"/>
    <property value=".;C:\Program Files\QuickTime\QTSystem\QTJava.zip;c:\PROGRA~1\SQLLIB\java\db2java.zip;c:\PROGRA~1\SQLLIB\java\db2jcc.jar;c:\PROGRA~1\SQLLIB\java\sqlj.zip;c:\PROGRA~1\SQLLIB\java\db2jcc_license_cu.jar;c:\PROGRA~1\SQLLIB\bin;c:\PROGRA~1\SQLLIB\java\common.jar;C:\applications\jacob-1.14.3\jacob.jar;C:\applications\lucene-2.9.1\lucene-core-2.9.1.jar;C:\applications\lucene-2.9.1\lucene-demos-2.9.1.jar" name="env.CLASSPATH"/>
    <property value="http://java.sun.com/" name="java.vendor.url"/>
    <property value="C:\applications\JDK1.5\bin;.;C:\WINDOWS\system32;C:\WINDOWS;C:\WINDOWS\system32;C:\WINDOWS;C:\WINDOWS\System32\Wbem;C:\Program Files\QuickTime\QTSystem\;C:\Epoprogs\UserEXE;C:\Program Files\Gs\Gs8.00\Bin;;C:\Program Files\IBM\Personal Communications;C:\Program Files\IBM\Trace Facility;C:\Program Files\TSD\BIN;C:\Program Files\TSD\winase32;C:\Program Files\SQLLIB\BIN;C:\Program Files\SQLLIB\FUNCTION;C:\Program Files\SQLLIB\HELP;c:\PROGRA~1\SQLLIB\BIN;c:\PROGRA~1\SQLLIB\FUNCTION;c:\PROGRA~1\SQLLIB\SAMPLES\REPL;C:\Program Files\Groovy\Groovy-1.6.3\bin;C:\applications\JDK1.6\bin;c:\applications\apache-ant-1.7.1\bin;C:\applications\jacob-1.14.3;C:\applications\jboss-4.2.3.GA\bin;C:\applications\appengine-java-sdk-1.2.1\bin;C:\applications\apache-maven-2.2.0\bin;C:\WINDOWS\system32\WindowsPowerShell\v1.0;C:\applications\7-Zip;C:\Program Files\ooRexx;C:\Program Files\GnuWin32\bin;C:\applications\griffon-0.3.1\bin" name="java.library.path"/>
    <property value="2" name="env.NUMBER_OF_PROCESSORS"/>
    <property value="C:\Program Files\TSD" name="env.SAI_ROOT"/>
    <property value="INTERNAL.EPO.ORG" name="env.USERDNSDOMAIN"/>
    <property value="Sun Microsystems Inc." name="java.vm.vendor"/>
    <property value="Java(TM) 2 Runtime Environment, Standard Edition" name="java.runtime.name"/>
    <property value="EMBEDDED" name="maven.home"/>
    <property value="/C:/applications/eclipse3.5/eclipse/plugins/org.maven.ide.components.maven_embedder_2.1.0.20080530-2300/jars/plexus-classworlds-1.2-alpha-12.jar" name="java.class.path"/>
    <property value="C:\applications\jboss-4.2.3.GA" name="env.JBOSS_HOME"/>
    <property value="Java Virtual Machine Specification" name="java.vm.specification.name"/>
    <property value="C:\applications\griffon-0.3.1" name="env.GRIFFON_HOME"/>
    <property value="C:\WINDOWS" name="env.windir"/>
    <property value="\\GVW001" name="env.LOGONSERVER"/>
    <property value="1.0" name="java.vm.specification.version"/>
    <property value="x86" name="env.PROCESSOR_ARCHITECTURE"/>
    <property value="C:\development\eclipse-workspaces\npl\.metadata\.plugins\org.maven.ide.eclipse\workspacestate.properties" name="m2eclipse.workspace.state"/>
    <property value="Service Pack 3" name="sun.os.patch.level"/>
    <property value="little" name="sun.cpu.endian"/>
    <property value="YES" name="env.LAPTOP"/>
    <property value="XP Version 2.50" name="env.EPO_BaseImageVersion"/>
    <property value="C:\Program Files" name="env.ProgramFiles"/>
    <property value="c:\applications\apache-ant-1.7.1" name="env.ANT_HOME"/>
    <property value="C:\development\eclipse-workspaces\npl\nplmatchengine\target\test-classes;C:\development\eclipse-workspaces\npl\nplmatchengine\target\classes;C:\Documents and Settings\pd51444\.m2\repository\junit\junit\3.8.1\junit-3.8.1.jar;C:\Documents and Settings\pd51444\.m2\repository\com\sleepycat\je\4.1.6\je-4.1.6.jar;C:\Documents and Settings\pd51444\.m2\repository\apache-log4j\log4j\1.2.15\log4j-1.2.15.jar;C:\Documents and Settings\pd51444\.m2\repository\de\jflex\jflex\1.4.3\jflex-1.4.3.jar;C:\Documents and Settings\pd51444\.m2\repository\apache-codec\commons-codec\1.2\commons-codec-1.2.jar;C:\Documents and Settings\pd51444\.m2\repository\apache-collections\commons-collections\3.1\commons-collections-3.1.jar;" name="surefire.test.class.path"/>
    <property value="C:\DOCUME~1\pd51444\LOCALS~1\Temp\" name="java.io.tmpdir"/>
    <property value="1706" name="env.PROCESSOR_REVISION"/>
    <property value="http://java.sun.com/cgi-bin/bugreport.cgi" name="java.vendor.url.bug"/>
    <property value="C:\WINDOWS" name="env.SystemRoot"/>
    <property value="sun.awt.Win32GraphicsEnvironment" name="java.awt.graphicsenv"/>
    <property value="x86" name="os.arch"/>
    <property value="C:\applications\JDK1.5\jre\lib\ext" name="java.ext.dirs"/>
    <property value="C:\development\eclipse-workspaces\npl\nplmatchengine" name="user.dir"/>
    <property value="C:\applications\apache-maven-2.2.0" name="env.MAVEN_HOME"/>
    <property value="c:\applications\hive" name="env.HIVE_HOME"/>
    <property value="
" name="line.separator"/>
    <property value="Java HotSpot(TM) Client VM" name="java.vm.name"/>
    <property value=".COM;.EXE;.BAT;.CMD;.VBS;.VBE;.JS;.JSE;.WSF;.WSH;.REX" name="env.PATHEXT"/>
    <property value="C:\WINDOWS\system32;C:\WINDOWS;C:\WINDOWS\System32\Wbem;C:\Program Files\QuickTime\QTSystem\;C:\Epoprogs\UserEXE;C:\Program Files\Gs\Gs8.00\Bin;;C:\Program Files\IBM\Personal Communications;C:\Program Files\IBM\Trace Facility;C:\Program Files\TSD\BIN;C:\Program Files\TSD\winase32;C:\Program Files\SQLLIB\BIN;C:\Program Files\SQLLIB\FUNCTION;C:\Program Files\SQLLIB\HELP;c:\PROGRA~1\SQLLIB\BIN;c:\PROGRA~1\SQLLIB\FUNCTION;c:\PROGRA~1\SQLLIB\SAMPLES\REPL;C:\Program Files\Groovy\Groovy-1.6.3\bin;C:\applications\JDK1.6\bin;c:\applications\apache-ant-1.7.1\bin;C:\applications\jacob-1.14.3;C:\applications\jboss-4.2.3.GA\bin;C:\applications\appengine-java-sdk-1.2.1\bin;C:\applications\apache-maven-2.2.0\bin;C:\WINDOWS\system32\WindowsPowerShell\v1.0;C:\applications\7-Zip;C:\Program Files\ooRexx;C:\Program Files\GnuWin32\bin;C:\applications\griffon-0.3.1\bin" name="env.Path"/>
    <property value="C:\development\eclipse-workspaces\npl\nplmatchengine" name="basedir"/>
    <property value="true" name="maven.mode.standalone"/>
    <property value="C:\Program Files\TSD\TNM\SYSMGR\BIN;" name="env.TNMBIN"/>
    <property value="pd51444" name="env.USERNAME"/>
    <property value="C:" name="env.SystemDrive"/>
    <property value="Cp1252" name="file.encoding"/>
    <property value="INTERNAL" name="env.USERDOMAIN"/>
    <property value="C:\Program Files\IBM\Personal Communications\" name="env.PCOMM_Root"/>
    <property value="c:\dfp" name="env.DFP_HOME"/>
    <property value="1.5" name="java.specification.version"/>
    <property value="6" name="env.PROCESSOR_LEVEL"/>
  </properties>
  <testcase classname="jar.AppTest" time="0" name="testApp"/>
</testsuite>